  Animation.cpp
c:\users\anthony sturdy\documents\github\gec_mario_anthonysturdy\anthonysturdy_engine_gec\anthonysturdy_engine_gec\commons.h(26): warning C4244: '=': conversion from 'int' to 'float', possible loss of data
c:\users\anthony sturdy\documents\github\gec_mario_anthonysturdy\anthonysturdy_engine_gec\anthonysturdy_engine_gec\commons.h(27): warning C4244: '=': conversion from 'int' to 'float', possible loss of data
c:\users\anthony sturdy\documents\github\gec_mario_anthonysturdy\anthonysturdy_engine_gec\anthonysturdy_engine_gec\animation.cpp(22): warning C4018: '>=': signed/unsigned mismatch
  Entity.cpp
c:\users\anthony sturdy\documents\github\gec_mario_anthonysturdy\anthonysturdy_engine_gec\anthonysturdy_engine_gec\commons.h(26): warning C4244: '=': conversion from 'int' to 'float', possible loss of data
c:\users\anthony sturdy\documents\github\gec_mario_anthonysturdy\anthonysturdy_engine_gec\anthonysturdy_engine_gec\commons.h(27): warning C4244: '=': conversion from 'int' to 'float', possible loss of data
c:\users\anthony sturdy\documents\github\gec_mario_anthonysturdy\anthonysturdy_engine_gec\anthonysturdy_engine_gec\entity.h(52): warning C4244: 'argument': conversion from 'int' to 'float', possible loss of data
c:\users\anthony sturdy\documents\github\gec_mario_anthonysturdy\anthonysturdy_engine_gec\anthonysturdy_engine_gec\entity.cpp(15): warning C4244: 'argument': conversion from 'int' to 'float', possible loss of data
  Entity_Goomba.cpp
c:\users\anthony sturdy\documents\github\gec_mario_anthonysturdy\anthonysturdy_engine_gec\anthonysturdy_engine_gec\commons.h(26): warning C4244: '=': conversion from 'int' to 'float', possible loss of data
c:\users\anthony sturdy\documents\github\gec_mario_anthonysturdy\anthonysturdy_engine_gec\anthonysturdy_engine_gec\commons.h(27): warning C4244: '=': conversion from 'int' to 'float', possible loss of data
c:\users\anthony sturdy\documents\github\gec_mario_anthonysturdy\anthonysturdy_engine_gec\anthonysturdy_engine_gec\entity.h(52): warning C4244: 'argument': conversion from 'int' to 'float', possible loss of data
  Entity_Koopa.cpp
c:\users\anthony sturdy\documents\github\gec_mario_anthonysturdy\anthonysturdy_engine_gec\anthonysturdy_engine_gec\commons.h(26): warning C4244: '=': conversion from 'int' to 'float', possible loss of data
c:\users\anthony sturdy\documents\github\gec_mario_anthonysturdy\anthonysturdy_engine_gec\anthonysturdy_engine_gec\commons.h(27): warning C4244: '=': conversion from 'int' to 'float', possible loss of data
c:\users\anthony sturdy\documents\github\gec_mario_anthonysturdy\anthonysturdy_engine_gec\anthonysturdy_engine_gec\entity.h(52): warning C4244: 'argument': conversion from 'int' to 'float', possible loss of data
  Entity_Mario.cpp
c:\users\anthony sturdy\documents\github\gec_mario_anthonysturdy\anthonysturdy_engine_gec\anthonysturdy_engine_gec\commons.h(26): warning C4244: '=': conversion from 'int' to 'float', possible loss of data
c:\users\anthony sturdy\documents\github\gec_mario_anthonysturdy\anthonysturdy_engine_gec\anthonysturdy_engine_gec\commons.h(27): warning C4244: '=': conversion from 'int' to 'float', possible loss of data
c:\users\anthony sturdy\documents\github\gec_mario_anthonysturdy\anthonysturdy_engine_gec\anthonysturdy_engine_gec\entity.h(52): warning C4244: 'argument': conversion from 'int' to 'float', possible loss of data
  GameScreenManager.cpp
c:\users\anthony sturdy\documents\github\gec_mario_anthonysturdy\anthonysturdy_engine_gec\anthonysturdy_engine_gec\commons.h(26): warning C4244: '=': conversion from 'int' to 'float', possible loss of data
c:\users\anthony sturdy\documents\github\gec_mario_anthonysturdy\anthonysturdy_engine_gec\anthonysturdy_engine_gec\commons.h(27): warning C4244: '=': conversion from 'int' to 'float', possible loss of data
c:\users\anthony sturdy\documents\github\gec_mario_anthonysturdy\anthonysturdy_engine_gec\anthonysturdy_engine_gec\character.h(50): warning C4244: 'argument': conversion from 'int' to 'float', possible loss of data
c:\users\anthony sturdy\documents\github\gec_mario_anthonysturdy\anthonysturdy_engine_gec\anthonysturdy_engine_gec\entity.h(52): warning C4244: 'argument': conversion from 'int' to 'float', possible loss of data
  GameScreen_CustomLevel.cpp
c:\users\anthony sturdy\documents\github\gec_mario_anthonysturdy\anthonysturdy_engine_gec\anthonysturdy_engine_gec\commons.h(26): warning C4244: '=': conversion from 'int' to 'float', possible loss of data
c:\users\anthony sturdy\documents\github\gec_mario_anthonysturdy\anthonysturdy_engine_gec\anthonysturdy_engine_gec\commons.h(27): warning C4244: '=': conversion from 'int' to 'float', possible loss of data
c:\users\anthony sturdy\documents\github\gec_mario_anthonysturdy\anthonysturdy_engine_gec\anthonysturdy_engine_gec\entity.h(52): warning C4244: 'argument': conversion from 'int' to 'float', possible loss of data
c:\users\anthony sturdy\documents\github\gec_mario_anthonysturdy\anthonysturdy_engine_gec\anthonysturdy_engine_gec\gamescreen_customlevel.cpp(23): warning C4244: 'argument': conversion from 'int' to 'float', possible loss of data
c:\users\anthony sturdy\documents\github\gec_mario_anthonysturdy\anthonysturdy_engine_gec\anthonysturdy_engine_gec\gamescreen_customlevel.cpp(30): warning C4244: 'argument': conversion from 'int' to 'float', possible loss of data
c:\users\anthony sturdy\documents\github\gec_mario_anthonysturdy\anthonysturdy_engine_gec\anthonysturdy_engine_gec\gamescreen_customlevel.cpp(53): warning C4244: '=': conversion from 'float' to 'int', possible loss of data
c:\users\anthony sturdy\documents\github\gec_mario_anthonysturdy\anthonysturdy_engine_gec\anthonysturdy_engine_gec\gamescreen_customlevel.cpp(55): warning C4244: '=': conversion from 'float' to 'int', possible loss of data
c:\users\anthony sturdy\documents\github\gec_mario_anthonysturdy\anthonysturdy_engine_gec\anthonysturdy_engine_gec\gamescreen_customlevel.cpp(61): warning C4018: '<': signed/unsigned mismatch
c:\users\anthony sturdy\documents\github\gec_mario_anthonysturdy\anthonysturdy_engine_gec\anthonysturdy_engine_gec\gamescreen_customlevel.cpp(63): warning C4838: conversion from 'float' to 'int' requires a narrowing conversion
c:\users\anthony sturdy\documents\github\gec_mario_anthonysturdy\anthonysturdy_engine_gec\anthonysturdy_engine_gec\gamescreen_customlevel.cpp(63): warning C4244: 'initializing': conversion from 'float' to 'int', possible loss of data
c:\users\anthony sturdy\documents\github\gec_mario_anthonysturdy\anthonysturdy_engine_gec\anthonysturdy_engine_gec\gamescreen_customlevel.cpp(64): warning C4838: conversion from 'float' to 'int' requires a narrowing conversion
c:\users\anthony sturdy\documents\github\gec_mario_anthonysturdy\anthonysturdy_engine_gec\anthonysturdy_engine_gec\gamescreen_customlevel.cpp(64): warning C4244: 'initializing': conversion from 'float' to 'int', possible loss of data
c:\users\anthony sturdy\documents\github\gec_mario_anthonysturdy\anthonysturdy_engine_gec\anthonysturdy_engine_gec\gamescreen_customlevel.cpp(70): warning C4018: '<': signed/unsigned mismatch
c:\users\anthony sturdy\documents\github\gec_mario_anthonysturdy\anthonysturdy_engine_gec\anthonysturdy_engine_gec\gamescreen_customlevel.cpp(72): warning C4244: 'argument': conversion from 'int' to 'float', possible loss of data
c:\users\anthony sturdy\documents\github\gec_mario_anthonysturdy\anthonysturdy_engine_gec\anthonysturdy_engine_gec\gamescreen_customlevel.cpp(81): warning C4018: '<': signed/unsigned mismatch
c:\users\anthony sturdy\documents\github\gec_mario_anthonysturdy\anthonysturdy_engine_gec\anthonysturdy_engine_gec\gamescreen_customlevel.cpp(84): warning C4244: 'argument': conversion from 'float' to 'int', possible loss of data
c:\users\anthony sturdy\documents\github\gec_mario_anthonysturdy\anthonysturdy_engine_gec\anthonysturdy_engine_gec\gamescreen_customlevel.cpp(83): warning C4244: 'argument': conversion from 'float' to 'int', possible loss of data
c:\users\anthony sturdy\documents\github\gec_mario_anthonysturdy\anthonysturdy_engine_gec\anthonysturdy_engine_gec\gamescreen_customlevel.cpp(86): warning C4018: '<': signed/unsigned mismatch
c:\users\anthony sturdy\documents\github\gec_mario_anthonysturdy\anthonysturdy_engine_gec\anthonysturdy_engine_gec\gamescreen_customlevel.cpp(87): warning C4838: conversion from 'float' to 'int' requires a narrowing conversion
c:\users\anthony sturdy\documents\github\gec_mario_anthonysturdy\anthonysturdy_engine_gec\anthonysturdy_engine_gec\gamescreen_customlevel.cpp(87): warning C4244: 'initializing': conversion from 'float' to 'int', possible loss of data
c:\users\anthony sturdy\documents\github\gec_mario_anthonysturdy\anthonysturdy_engine_gec\anthonysturdy_engine_gec\gamescreen_customlevel.cpp(92): warning C4838: conversion from 'float' to 'int' requires a narrowing conversion
c:\users\anthony sturdy\documents\github\gec_mario_anthonysturdy\anthonysturdy_engine_gec\anthonysturdy_engine_gec\gamescreen_customlevel.cpp(92): warning C4244: 'initializing': conversion from 'float' to 'int', possible loss of data
c:\users\anthony sturdy\documents\github\gec_mario_anthonysturdy\anthonysturdy_engine_gec\anthonysturdy_engine_gec\gamescreen_customlevel.cpp(146): warning C4018: '<': signed/unsigned mismatch
c:\users\anthony sturdy\documents\github\gec_mario_anthonysturdy\anthonysturdy_engine_gec\anthonysturdy_engine_gec\gamescreen_customlevel.cpp(150): warning C4018: '<': signed/unsigned mismatch
c:\users\anthony sturdy\documents\github\gec_mario_anthonysturdy\anthonysturdy_engine_gec\anthonysturdy_engine_gec\gamescreen_customlevel.cpp(153): warning C4244: 'argument': conversion from 'float' to 'int', possible loss of data
c:\users\anthony sturdy\documents\github\gec_mario_anthonysturdy\anthonysturdy_engine_gec\anthonysturdy_engine_gec\gamescreen_customlevel.cpp(152): warning C4244: 'argument': conversion from 'float' to 'int', possible loss of data
c:\users\anthony sturdy\documents\github\gec_mario_anthonysturdy\anthonysturdy_engine_gec\anthonysturdy_engine_gec\gamescreen_customlevel.cpp(155): warning C4018: '<': signed/unsigned mismatch
c:\users\anthony sturdy\documents\github\gec_mario_anthonysturdy\anthonysturdy_engine_gec\anthonysturdy_engine_gec\gamescreen_customlevel.cpp(162): warning C4018: '<': signed/unsigned mismatch
c:\users\anthony sturdy\documents\github\gec_mario_anthonysturdy\anthonysturdy_engine_gec\anthonysturdy_engine_gec\gamescreen_customlevel.cpp(163): warning C4018: '<': signed/unsigned mismatch
c:\users\anthony sturdy\documents\github\gec_mario_anthonysturdy\anthonysturdy_engine_gec\anthonysturdy_engine_gec\gamescreen_customlevel.cpp(176): warning C4018: '<': signed/unsigned mismatch
c:\users\anthony sturdy\documents\github\gec_mario_anthonysturdy\anthonysturdy_engine_gec\anthonysturdy_engine_gec\gamescreen_customlevel.cpp(181): warning C4018: '<': signed/unsigned mismatch
c:\users\anthony sturdy\documents\github\gec_mario_anthonysturdy\anthonysturdy_engine_gec\anthonysturdy_engine_gec\gamescreen_customlevel.cpp(312): warning C4244: 'argument': conversion from 'int' to 'float', possible loss of data
c:\users\anthony sturdy\documents\github\gec_mario_anthonysturdy\anthonysturdy_engine_gec\anthonysturdy_engine_gec\gamescreen_customlevel.cpp(312): warning C4305: 'argument': truncation from 'double' to 'float'
c:\users\anthony sturdy\documents\github\gec_mario_anthonysturdy\anthonysturdy_engine_gec\anthonysturdy_engine_gec\gamescreen_customlevel.cpp(323): warning C4244: 'argument': conversion from 'int' to 'float', possible loss of data
c:\users\anthony sturdy\documents\github\gec_mario_anthonysturdy\anthonysturdy_engine_gec\anthonysturdy_engine_gec\gamescreen_customlevel.cpp(329): warning C4244: 'argument': conversion from 'int' to 'float', possible loss of data
  Generating Code...
  LINK : C:\Users\Anthony Sturdy\Documents\GitHub\GEC_Mario_AnthonySturdy\AnthonySturdy_Engine_GEC\Debug\AnthonySturdy_Engine_GEC.exe not found or not built by the last incremental link; performing full link
  AnthonySturdy_Engine_GEC.vcxproj -> C:\Users\Anthony Sturdy\Documents\GitHub\GEC_Mario_AnthonySturdy\AnthonySturdy_Engine_GEC\Debug\AnthonySturdy_Engine_GEC.exe
